<?xml version="1.0" encoding="UTF-8"?>
<!-- Generated by org.testng.reporters.JUnitXMLReporter -->
<testsuite ignored="2" hostname="BTCHNLPREN01" failures="0" tests="2" name="Test" time="0.059" errors="0" timestamp="2025-04-23T15:05:48 IST">
  <testcase classname="Execution.Frame2" name="one" time="0.008"/>
  <testcase classname="Execution.Frame2" name="priority1" time="0.001"/>
  <testcase classname="Execution.Frame2" name="priority3" time="0.0">
    <ignored/>
  </testcase> <!-- priority3 -->
  <testcase classname="Execution.Frame2" name="priority2" time="0.0">
    <ignored/>
  </testcase> <!-- priority2 -->
</testsuite> <!-- Test -->
